# JRE version: Java(TM) SE Runtime Environment (11.0.1+13) (build 11.0.1+13-LTS)
# Java VM: Java HotSpot(TM) 64-Bit Server VM (11.0.1+13-LTS, mixed mode, tiered, compressed oops, g1 gc, linux-amd64)
Heap:
 garbage-first heap   total 826368K, used 166400K [0x0000000088400000, 0x0000000100000000)
  region size 1024K, 7 young (7168K), 7 survivors (7168K)
 Metaspace       used 13654K, capacity 14095K, committed 14464K, reserved 1062912K
  class space    used 1389K, capacity 1553K, committed 1664K, reserved 1048576K
GC Heap History (10 events):
Event: 3.904 GC heap after
{Heap after GC invocations=8 (full 0):
 garbage-first heap   total 179200K, used 91452K [0x0000000088400000, 0x0000000100000000)
  region size 1024K, 5 young (5120K), 5 survivors (5120K)
 Metaspace       used 13654K, capacity 14095K, committed 14464K, reserved 1062912K
  class space    used 1389K, capacity 1553K, committed 1664K, reserved 1048576K
}
Event: 3.978 GC heap before
{Heap before GC invocations=9 (full 0):
 garbage-first heap   total 179200K, used 122172K [0x0000000088400000, 0x0000000100000000)
  region size 1024K, 35 young (35840K), 5 survivors (5120K)
 Metaspace       used 13654K, capacity 14095K, committed 14464K, reserved 1062912K
  class space    used 1389K, capacity 1553K, committed 1664K, reserved 1048576K
}
Event: 4.006 GC heap after
{Heap after GC invocations=10 (full 0):
 garbage-first heap   total 275456K, used 102173K [0x0000000088400000, 0x0000000100000000)
  region size 1024K, 5 young (5120K), 5 survivors (5120K)
 Metaspace       used 13654K, capacity 14095K, committed 14464K, reserved 1062912K
  class space    used 1389K, capacity 1553K, committed 1664K, reserved 1048576K
}
Event: 4.113 GC heap before
{Heap before GC invocations=10 (full 0):
 garbage-first heap   total 275456K, used 140061K [0x0000000088400000, 0x0000000100000000)
  region size 1024K, 42 young (43008K), 5 survivors (5120K)
 Metaspace       used 13654K, capacity 14095K, committed 14464K, reserved 1062912K
  class space    used 1389K, capacity 1553K, committed 1664K, reserved 1048576K
}
Event: 4.150 GC heap after
{Heap after GC invocations=11 (full 0):
 garbage-first heap   total 275456K, used 115654K [0x0000000088400000, 0x0000000100000000)
  region size 1024K, 6 young (6144K), 6 survivors (6144K)
 Metaspace       used 13654K, capacity 14095K, committed 14464K, reserved 1062912K
  class space    used 1389K, capacity 1553K, committed 1664K, reserved 1048576K
}
Event: 4.254 GC heap before
{Heap before GC invocations=11 (full 0):
 garbage-first heap   total 275456K, used 161734K [0x0000000088400000, 0x0000000100000000)
  region size 1024K, 51 young (52224K), 6 survivors (6144K)
 Metaspace       used 13654K, capacity 14095K, committed 14464K, reserved 1062912K
  class space    used 1389K, capacity 1553K, committed 1664K, reserved 1048576K
}
Event: 4.320 GC heap after
{Heap after GC invocations=12 (full 0):
 garbage-first heap   total 275456K, used 132096K [0x0000000088400000, 0x0000000100000000)
  region size 1024K, 7 young (7168K), 7 survivors (7168K)
 Metaspace       used 13654K, capacity 14095K, committed 14464K, reserved 1062912K
  class space    used 1389K, capacity 1553K, committed 1664K, reserved 1048576K
}
Event: 4.422 GC heap before
{Heap before GC invocations=12 (full 0):
 garbage-first heap   total 275456K, used 182272K [0x0000000088400000, 0x0000000100000000)
  region size 1024K, 56 young (57344K), 7 survivors (7168K)
 Metaspace       used 13654K, capacity 14095K, committed 14464K, reserved 1062912K
  class space    used 1389K, capacity 1553K, committed 1664K, reserved 1048576K
}
Event: 4.493 GC heap after
{Heap after GC invocations=13 (full 0):
 garbage-first heap   total 275456K, used 150016K [0x0000000088400000, 0x0000000100000000)
  region size 1024K, 7 young (7168K), 7 survivors (7168K)
 Metaspace       used 13654K, capacity 14095K, committed 14464K, reserved 1062912K
  class space    used 1389K, capacity 1553K, committed 1664K, reserved 1048576K
}
Event: 4.642 GC heap before
{Heap before GC invocations=13 (full 0):
 garbage-first heap   total 275456K, used 196096K [0x0000000088400000, 0x0000000100000000)
  region size 1024K, 52 young (53248K), 7 survivors (7168K)
 Metaspace       used 13654K, capacity 14095K, committed 14464K, reserved 1062912K
  class space    used 1389K, capacity 1553K, committed 1664K, reserved 1048576K
}

